<?xml version="1.0" encoding="UTF-8"?>
<testsuite xmlns:xsi="http://www.w3.org/2001/XMLSchema-instance" xsi:noNamespaceSchemaLocation="https://maven.apache.org/surefire/maven-surefire-plugin/xsd/surefire-test-report.xsd" name="ca.carleton.gcrc.couch.metadata.SitemapBuilderAtlasChangeListenerTest" time="0.62" tests="4" errors="0" skipped="0" failures="0">
  <properties>
[...]
</properties>
  <testcase name="testThreeLevelNavigation" classname="ca.carleton.gcrc.couch.metadata.SitemapBuilderAtlasChangeListenerTest" time="0.599"/>
  <testcase name="testWithMetadataNavigation" classname="ca.carleton.gcrc.couch.metadata.SitemapBuilderAtlasChangeListenerTest" time="0.005"/>
  <testcase name="testTwoLevelNavigation" classname="ca.carleton.gcrc.couch.metadata.SitemapBuilderAtlasChangeListenerTest" time="0.004"/>
  <testcase name="testOneLevelNavigation" classname="ca.carleton.gcrc.couch.metadata.SitemapBuilderAtlasChangeListenerTest" time="0.004"/>
</testsuite>